d:\graduationproject\ucgui5.24\simulationtrial\output\debug\vc120.pdb
d:\graduationproject\ucgui5.24\simulationtrial\output\debug\vc120.idb
d:\graduationproject\ucgui5.24\simulationtrial\output\debug\appclock.obj
d:\graduationproject\ucgui5.24\simulationtrial\output\debug\winmain.obj
d:\graduationproject\ucgui5.24\simulationtrial\output\debug\simconf.obj
d:\graduationproject\ucgui5.24\simulationtrial\output\debug\guiconf.obj
d:\graduationproject\ucgui5.24\simulationtrial\output\debug\appstopwatch.obj
d:\graduationproject\ucgui5.24\simulationtrial\output\debug\appmenu.obj
d:\graduationproject\ucgui5.24\simulationtrial\output\debug\appcalendar.obj
d:\graduationproject\ucgui5.24\simulationtrial\output\debug\iconresource.obj
d:\graduationproject\ucgui5.24\simulationtrial\output\debug\appconf.obj
d:\graduationproject\ucgui5.24\simulationtrial\output\debug\appcommon.obj
d:\graduationproject\ucgui5.24\simulationtrial\output\debug\lcdconf.obj
d:\graduationproject\ucgui5.24\simulationtrial\output\debug\simulationtrial.pdb
d:\graduationproject\ucgui5.24\simulationtrial\exe\guisimulationdebug.exe
d:\graduationproject\ucgui5.24\simulationtrial\exe\guisimulationdebug.ilk
d:\graduationproject\ucgui5.24\simulationtrial\output\debug\simulationtrial.tlog\cl.command.1.tlog
d:\graduationproject\ucgui5.24\simulationtrial\output\debug\simulationtrial.tlog\cl.read.1.tlog
d:\graduationproject\ucgui5.24\simulationtrial\output\debug\simulationtrial.tlog\cl.write.1.tlog
d:\graduationproject\ucgui5.24\simulationtrial\output\debug\simulationtrial.tlog\link.command.1.tlog
d:\graduationproject\ucgui5.24\simulationtrial\output\debug\simulationtrial.tlog\link.read.1.tlog
d:\graduationproject\ucgui5.24\simulationtrial\output\debug\simulationtrial.tlog\link.write.1.tlog
